2021-09-30 22:07:38,587 - Reading data from url https://www.europarl.europa.eu/rss/doc/top-stories/en.xml
2021-09-30 22:11:49,160 - Reading data from url https://www.europarl.europa.eu/rss/doc/top-stories/en.xml
2021-09-30 22:11:49,160 - module 'urllib' has no attribute 'urlopen'
2021-09-30 22:13:27,945 - Reading data from url https://www.europarl.europa.eu/rss/doc/top-stories/en.xml
2021-09-30 22:13:27,945 - module 'urllib3' has no attribute 'urlopen'
2021-09-30 22:13:53,261 - Reading data from url https://www.europarl.europa.eu/rss/doc/top-stories/en.xml
2021-09-30 22:13:53,262 - module 'urllib' has no attribute 'urlopen'
2021-09-30 22:19:41,782 - Reading data from url https://www.europarl.europa.eu/rss/doc/top-stories/en.xml
2021-09-30 22:22:43,873 - Reading data from url https://www.europarl.europa.eu/rss/doc/top-stories/en.xml
2021-09-30 22:22:44,572 - Couldn't find a tree builder with the features you requested: lxml. Do you need to install a parser library?
2021-09-30 22:23:32,352 - Reading data from url https://www.europarl.europa.eu/rss/doc/top-stories/en.xml
2021-09-30 22:23:33,015 - Couldn't find a tree builder with the features you requested: lxml. Do you need to install a parser library?
2021-09-30 22:24:11,020 - Reading data from url https://www.europarl.europa.eu/rss/doc/top-stories/en.xml
2021-09-30 22:24:11,674 - Couldn't find a tree builder with the features you requested: lxml. Do you need to install a parser library?
2021-09-30 22:25:26,903 - Reading data from url https://www.europarl.europa.eu/rss/doc/top-stories/en.xml
2021-09-30 22:30:28,126 - Reading data from url https://www.europarl.europa.eu/rss/doc/top-stories/en.xml
2021-09-30 22:31:58,506 - Reading data from url https://www.europarl.europa.eu/rss/doc/top-stories/en.xml
2021-09-30 22:32:12,359 - Reading data from url https://www.europarl.europa.eu/rss/doc/top-stories/en.xml
2021-09-30 22:36:38,340 - Reading data from url https://www.europarl.europa.eu/rss/doc/top-stories/en.xml
2021-09-30 22:36:39,093 - 'NoneType' object is not callable
2021-09-30 22:36:52,951 - Reading data from url https://www.europarl.europa.eu/rss/doc/top-stories/en.xml
2021-09-30 22:36:53,674 - 'NoneType' object is not callable
2021-09-30 22:37:31,736 - Reading data from url https://www.europarl.europa.eu/rss/doc/top-stories/en.xml
2021-09-30 22:37:32,435 - 'NoneType' object is not callable
2021-09-30 22:37:48,931 - Reading data from url https://www.europarl.europa.eu/rss/doc/top-stories/en.xml
2021-09-30 22:37:49,606 - name 'tt' is not defined
2021-09-30 22:37:54,707 - Reading data from url https://www.europarl.europa.eu/rss/doc/top-stories/en.xml
2021-09-30 22:38:21,179 - Reading data from url https://www.europarl.europa.eu/rss/doc/top-stories/en.xml
2021-09-30 22:38:21,913 - 'str' object is not callable
2021-09-30 22:39:29,110 - Reading data from url https://www.europarl.europa.eu/rss/doc/top-stories/en.xml
2021-09-30 22:39:55,282 - Reading data from url https://www.europarl.europa.eu/rss/doc/top-stories/en.xml
2021-09-30 22:40:32,324 - Reading data from url https://www.europarl.europa.eu/rss/doc/top-stories/en.xml
2021-09-30 22:41:29,667 - Reading data from url https://www.europarl.europa.eu/rss/doc/top-stories/en.xml
2021-09-30 22:42:17,924 - Reading data from url https://www.europarl.europa.eu/rss/doc/top-stories/en.xml
2021-09-30 22:43:26,049 - Reading data from url https://www.europarl.europa.eu/rss/doc/top-stories/en.xml
2021-09-30 22:44:43,826 - Reading data from url https://www.europarl.europa.eu/rss/doc/top-stories/en.xml
2021-09-30 22:44:44,527 - ResultSet object has no attribute 'text'. You're probably treating a list of elements like a single element. Did you call find_all() when you meant to call find()?
2021-09-30 22:45:23,077 - Reading data from url https://www.europarl.europa.eu/rss/doc/top-stories/en.xml
2021-09-30 22:46:12,020 - Reading data from url https://www.europarl.europa.eu/rss/doc/top-stories/en.xml
2021-09-30 22:49:32,187 - Reading data from url https://www.europarl.europa.eu/rss/doc/top-stories/en.xml
2021-09-30 22:49:57,848 - Reading data from url https://www.europarl.europa.eu/rss/doc/top-stories/en.xml
2021-09-30 22:52:10,851 - Reading data from url https://www.europarl.europa.eu/rss/doc/top-stories/en.xml
2021-09-30 22:53:34,078 - Reading data from url https://www.europarl.europa.eu/rss/doc/top-stories/en.xml
2021-09-30 22:54:08,015 - Reading data from url https://www.europarl.europa.eu/rss/doc/top-stories/en.xml
2021-09-30 22:54:31,785 - Reading data from url https://www.europarl.europa.eu/rss/doc/top-stories/en.xml
2021-09-30 22:55:45,762 - Reading data from url https://www.europarl.europa.eu/rss/doc/top-stories/en.xml
2021-09-30 22:57:15,756 - Reading data from url https://www.europarl.europa.eu/rss/doc/top-stories/en.xml
2021-09-30 22:57:53,555 - Reading data from url https://www.europarl.europa.eu/rss/doc/top-stories/en.xml
2021-10-01 16:01:34,124 - Reading data from url https://www.europarl.europa.eu/rss/doc/top-stories/en.xml
2021-10-01 16:01:35,349 - list expected at most 1 arguments, got 3
2021-10-01 16:02:12,534 - Reading data from url https://www.europarl.europa.eu/rss/doc/top-stories/en.xml
2021-10-01 16:02:13,226 - list expected at most 1 arguments, got 3
2021-10-01 16:02:57,967 - Reading data from url https://www.europarl.europa.eu/rss/doc/top-stories/en.xml
2021-10-01 16:02:58,689 - 'NoneType' object has no attribute 'text'
2021-10-01 16:03:47,044 - Reading data from url https://www.europarl.europa.eu/rss/doc/top-stories/en.xml
2021-10-01 16:03:47,748 - 'NoneType' object has no attribute 'text'
2021-10-01 16:04:04,942 - Reading data from url https://www.europarl.europa.eu/rss/doc/top-stories/en.xml
2021-10-01 16:04:44,048 - Reading data from url https://www.europarl.europa.eu/rss/doc/top-stories/en.xml
2021-10-01 16:04:49,713 - Reading data from url https://www.europarl.europa.eu/rss/doc/top-stories/en.xml
2021-10-01 16:04:50,433 - 'NoneType' object has no attribute 'text'
2021-10-01 16:05:04,641 - Reading data from url https://www.europarl.europa.eu/rss/doc/top-stories/en.xml
2021-10-01 16:05:05,352 - list expected at most 1 arguments, got 3
2021-10-01 16:07:12,646 - Reading data from url https://www.europarl.europa.eu/rss/doc/top-stories/en.xml
2021-10-01 16:07:13,357 - list expected at most 1 arguments, got 2
2021-10-01 16:07:51,121 - Reading data from url https://www.europarl.europa.eu/rss/doc/top-stories/en.xml
2021-10-01 16:07:51,848 - append() takes exactly one argument (2 given)
2021-10-01 16:08:31,816 - Reading data from url https://www.europarl.europa.eu/rss/doc/top-stories/en.xml
2021-10-01 16:09:08,246 - Reading data from url https://www.europarl.europa.eu/rss/doc/top-stories/en.xml
2021-10-01 16:15:04,836 - Reading data from url https://www.europarl.europa.eu/rss/doc/top-stories/en.xml
2021-10-01 16:15:53,649 - Reading data from url https://www.europarl.europa.eu/rss/doc/top-stories/en.xml
2021-10-01 16:18:07,555 - Reading data from url https://www.europarl.europa.eu/rss/doc/top-stories/en.xml
